app/manifest-merger-release-report.txt
-- Merging decision tree log ---
manifest
ADDED from AndroidManifest.xml:2:1
	package
		ADDED from AndroidManifest.xml:3:5
		INJECTED from AndroidManifest.xml:0:0
		INJECTED from AndroidManifest.xml:0:0
	android:versionName
		INJECTED from AndroidManifest.xml:0:0
		INJECTED from AndroidManifest.xml:0:0
	xmlns:android
		ADDED from AndroidManifest.xml:2:11
	android:versionCode
		INJECTED from AndroidManifest.xml:0:0
		INJECTED from AndroidManifest.xml:0:0
application
ADDED from AndroidManifest.xml:5:5
MERGED from com.android.support:appcompat-v7:21.0.3:16:5
MERGED from com.android.support:support-v4:21.0.3:16:5
	android:label
		ADDED from AndroidManifest.xml:5:18
	android:launchMode
		ADDED from AndroidManifest.xml:5:85
	android:icon
		ADDED from AndroidManifest.xml:5:51
activity#com.guysagy.gamersweb.ui.activities.WelcomeScreenActivity
ADDED from AndroidManifest.xml:6:9
	android:label
		ADDED from AndroidManifest.xml:7:13
	android:name
		ADDED from AndroidManifest.xml:6:19
intent-filter#android.intent.action.MAIN+android.intent.category.LAUNCHER
ADDED from AndroidManifest.xml:8:13
action#android.intent.action.MAIN
ADDED from AndroidManifest.xml:9:17
	android:name
		ADDED from AndroidManifest.xml:9:25
category#android.intent.category.LAUNCHER
ADDED from AndroidManifest.xml:10:17
	android:name
		ADDED from AndroidManifest.xml:10:27
activity#com.guysagy.gamersweb.ui.activities.MainMenuActivity
ADDED from AndroidManifest.xml:14:9
	android:label
		ADDED from AndroidManifest.xml:14:87
	android:launchMode
		ADDED from AndroidManifest.xml:14:120
	android:name
		ADDED from AndroidManifest.xml:14:19
intent-filter#android.intent.action.RUN+android.intent.category.OPENABLE
ADDED from AndroidManifest.xml:15:13
action#android.intent.action.RUN
ADDED from AndroidManifest.xml:16:17
	android:name
		ADDED from AndroidManifest.xml:16:25
category#android.intent.category.OPENABLE
ADDED from AndroidManifest.xml:17:17
	android:name
		ADDED from AndroidManifest.xml:17:27
activity#com.guysagy.gamersweb.ui.activities.AboutActivity
ADDED from AndroidManifest.xml:21:9
	android:label
		ADDED from AndroidManifest.xml:21:84
	android:launchMode
		ADDED from AndroidManifest.xml:21:117
	android:name
		ADDED from AndroidManifest.xml:21:19
activity#com.guysagy.gamersweb.ui.activities.DeleteUserAccountActivity
ADDED from AndroidManifest.xml:28:9
	android:label
		ADDED from AndroidManifest.xml:28:96
	android:launchMode
		ADDED from AndroidManifest.xml:28:129
	android:name
		ADDED from AndroidManifest.xml:28:19
activity#com.guysagy.gamersweb.ui.activities.CreateUserAccountActivity
ADDED from AndroidManifest.xml:35:9
	android:label
		ADDED from AndroidManifest.xml:35:96
	android:launchMode
		ADDED from AndroidManifest.xml:35:129
	android:name
		ADDED from AndroidManifest.xml:35:19
activity#com.guysagy.gamersweb.ui.activities.UpdateUserAccountActivity
ADDED from AndroidManifest.xml:42:9
	android:label
		ADDED from AndroidManifest.xml:42:96
	android:launchMode
		ADDED from AndroidManifest.xml:42:129
	android:name
		ADDED from AndroidManifest.xml:42:19
activity#com.guysagy.gamersweb.ui.activities.LoginUserAccountActivity
ADDED from AndroidManifest.xml:49:9
	android:label
		ADDED from AndroidManifest.xml:49:95
	android:launchMode
		ADDED from AndroidManifest.xml:49:128
	android:name
		ADDED from AndroidManifest.xml:49:19
activity#com.guysagy.gamersweb.ui.activities.ScoresActivity
ADDED from AndroidManifest.xml:56:9
	android:label
		ADDED from AndroidManifest.xml:56:85
	android:launchMode
		ADDED from AndroidManifest.xml:56:118
	android:name
		ADDED from AndroidManifest.xml:56:19
activity#com.guysagy.gamersweb.ui.activities.TicTacToeActivity
ADDED from AndroidManifest.xml:63:9
	android:label
		ADDED from AndroidManifest.xml:63:88
	android:launchMode
		ADDED from AndroidManifest.xml:63:121
	android:name
		ADDED from AndroidManifest.xml:63:19
intent-filter#android.intent.category.DEFAULT+com.guysagy.GAMES+com.guysagy.GAMES.TICTACTOE
ADDED from AndroidManifest.xml:68:13
action#com.guysagy.GAMES.TICTACTOE
ADDED from AndroidManifest.xml:81:17
	android:name
		ADDED from AndroidManifest.xml:81:25
category#com.guysagy.GAMES
ADDED from AndroidManifest.xml:82:17
	android:name
		ADDED from AndroidManifest.xml:82:27
category#android.intent.category.DEFAULT
ADDED from AndroidManifest.xml:83:17
	android:name
		ADDED from AndroidManifest.xml:83:27
uses-sdk
INJECTED from AndroidManifest.xml:0:0 reason: use-sdk injection requested
MERGED from com.android.support:appcompat-v7:21.0.3:15:5
MERGED from com.android.support:support-v4:21.0.3:15:5
	android:targetSdkVersion
		INJECTED from AndroidManifest.xml:0:0
		INJECTED from AndroidManifest.xml:0:0
	android:minSdkVersion
		INJECTED from AndroidManifest.xml:0:0
		INJECTED from AndroidManifest.xml:0:0